execve("./p3", ["./p3"], 0x7ffcff00f7c0 /* 93 vars */) = 0
brk(NULL)                               = 0x5611bd114000
arch_prctl(0x3001 /* ARCH_??? */, 0x7ffdd83cb490) = -1 EINVAL (无效的参数)
mmap(NULL, 8192, PROT_READ|PROT_WRITE, MAP_PRIVATE|MAP_ANONYMOUS, -1, 0) = 0x7f7e3318b000
access("/etc/ld.so.preload", R_OK)      = -1 ENOENT (没有那个文件或目录)
mmap(NULL, 183753, PROT_READ, MAP_PRIVATE, 3, 0) = 0x7f7e3315e000
close(3)                                = 0
read(3, "\177ELF\2\1\1\3\0\0\0\0\0\0\0\0\3\0>\0\1\0\0\0\300A\2\0\0\0\0\0"..., 832) = 832
pread64(3, "\6\0\0\0\4\0\0\0@\0\0\0\0\0\0\0@\0\0\0\0\0\0\0@\0\0\0\0\0\0\0"..., 784, 64) = 784
pread64(3, "\4\0\0\0\20\0\0\0\5\0\0\0GNU\0\2\0\0\300\4\0\0\0\3\0\0\0\0\0\0\0", 32, 848) = 32
pread64(3, "\4\0\0\0\24\0\0\0\3\0\0\0GNU\0\30x\346\264ur\f|Q\226\236i\253-'o"..., 68, 880) = 68
pread64(3, "\6\0\0\0\4\0\0\0@\0\0\0\0\0\0\0@\0\0\0\0\0\0\0@\0\0\0\0\0\0\0"..., 784, 64) = 784
pread64(3, "\4\0\0\0\20\0\0\0\5\0\0\0GNU\0\2\0\0\300\4\0\0\0\3\0\0\0\0\0\0\0", 32, 848) = 32
pread64(3, "\4\0\0\0\24\0\0\0\3\0\0\0GNU\0\30x\346\264ur\f|Q\226\236i\253-'o"..., 68, 880) = 68
mmap(NULL, 2037344, PROT_READ, MAP_PRIVATE|MAP_DENYWRITE, 3, 0) = 0x7f7e32f6c000
mmap(0x7f7e32f8e000, 1540096, PROT_READ|PROT_EXEC, MAP_PRIVATE|MAP_FIXED|MAP_DENYWRITE, 3, 0x22000) = 0x7f7e32f8e000
mmap(0x7f7e33106000, 319488, PROT_READ, MAP_PRIVATE|MAP_FIXED|MAP_DENYWRITE, 3, 0x19a000) = 0x7f7e33106000
mmap(0x7f7e33154000, 24576, PROT_READ|PROT_WRITE, MAP_PRIVATE|MAP_FIXED|MAP_DENYWRITE, 3, 0x1e7000) = 0x7f7e33154000
mmap(0x7f7e3315a000, 13920, PROT_READ|PROT_WRITE, MAP_PRIVATE|MAP_FIXED|MAP_ANONYMOUS, -1, 0) = 0x7f7e3315a000
close(3)                                = 0
mmap(NULL, 12288, PROT_READ|PROT_WRITE, MAP_PRIVATE|MAP_ANONYMOUS, -1, 0) = 0x7f7e32f69000
arch_prctl(ARCH_SET_FS, 0x7f7e32f69740) = 0
mprotect(0x7f7e33154000, 16384, PROT_READ) = 0
mprotect(0x5611bb2fe000, 4096, PROT_READ) = 0
mprotect(0x7f7e331ba000, 4096, PROT_READ) = 0
munmap(0x7f7e3315e000, 183753)          = 0
getpid()                                = 113045
brk(NULL)                               = 0x5611bd114000
brk(0x5611bd135000)                     = 0x5611bd135000
clone(child_stack=NULL, flags=CLONE_CHILD_CLEARTID|CLONE_CHILD_SETTID|SIGCHLD, child_tidptr=0x7f7e32f69a10) = 113047
wait4(-1,   30  123 1001 p3.c
NULL, 0, NULL)                = 113047
getpid()                                = 113045
write(1, "hello world (pid:113045)\nhello, "..., 84hello world (pid:113045)
hello, I am parent of 113047 (rc_wait:113047) (pid:113045)
) = 84
exit_group(0)                           = ?
+++ exited with 0 +++
