execve("./p1", ["./p1"], 0x7ffe1e26d580 /* 94 vars */) = 0
brk(NULL)                               = 0x558fc6f5e000
arch_prctl(0x3001 /* ARCH_??? */, 0x7ffecb252610) = -1 EINVAL (无效的参数)
mmap(NULL, 8192, PROT_READ|PROT_WRITE, MAP_PRIVATE|MAP_ANONYMOUS, -1, 0) = 0x7f86fd717000
stat("/usr/local/lib", {st_mode=S_IFDIR|0755, st_size=4096, ...}) = 0
openat(AT_FDCWD, "/etc/ld.so.cache", O_RDONLY|O_CLOEXEC) = 3
fstat(3, {st_mode=S_IFREG|0644, st_size=183753, ...}) = 0
mmap(NULL, 183753, PROT_READ, MAP_PRIVATE, 3, 0) = 0x7f86fd6ea000
close(3)                                = 0
openat(AT_FDCWD, "/lib/x86_64-linux-gnu/libc.so.6", O_RDONLY|O_CLOEXEC) = 3
read(3, "\177ELF\2\1\1\3\0\0\0\0\0\0\0\0\3\0>\0\1\0\0\0\300A\2\0\0\0\0\0"..., 832) = 832
pread64(3, "\6\0\0\0\4\0\0\0@\0\0\0\0\0\0\0@\0\0\0\0\0\0\0@\0\0\0\0\0\0\0"..., 784, 64) = 784
pread64(3, "\4\0\0\0\20\0\0\0\5\0\0\0GNU\0\2\0\0\300\4\0\0\0\3\0\0\0\0\0\0\0", 32, 848) = 32
pread64(3, "\4\0\0\0\24\0\0\0\3\0\0\0GNU\0\30x\346\264ur\f|Q\226\236i\253-'o"..., 68, 880) = 68
fstat(3, {st_mode=S_IFREG|0755, st_size=2029592, ...}) = 0
pread64(3, "\6\0\0\0\4\0\0\0@\0\0\0\0\0\0\0@\0\0\0\0\0\0\0@\0\0\0\0\0\0\0"..., 784, 64) = 784
pread64(3, "\4\0\0\0\20\0\0\0\5\0\0\0GNU\0\2\0\0\300\4\0\0\0\3\0\0\0\0\0\0\0", 32, 848) = 32
pread64(3, "\4\0\0\0\24\0\0\0\3\0\0\0GNU\0\30x\346\264ur\f|Q\226\236i\253-'o"..., 68, 880) = 68
mmap(NULL, 2037344, PROT_READ, MAP_PRIVATE|MAP_DENYWRITE, 3, 0) = 0x7f86fd4f8000
mmap(0x7f86fd51a000, 1540096, PROT_READ|PROT_EXEC, MAP_PRIVATE|MAP_FIXED|MAP_DENYWRITE, 3, 0x22000) = 0x7f86fd51a000
mmap(0x7f86fd692000, 319488, PROT_READ, MAP_PRIVATE|MAP_FIXED|MAP_DENYWRITE, 3, 0x19a000) = 0x7f86fd692000
mmap(0x7f86fd6e0000, 24576, PROT_READ|PROT_WRITE, MAP_PRIVATE|MAP_FIXED|MAP_DENYWRITE, 3, 0x1e7000) = 0x7f86fd6e0000
mmap(0x7f86fd6e6000, 13920, PROT_READ|PROT_WRITE, MAP_PRIVATE|MAP_FIXED|MAP_ANONYMOUS, -1, 0) = 0x7f86fd6e6000
close(3)                                = 0
mmap(NULL, 12288, PROT_READ|PROT_WRITE, MAP_PRIVATE|MAP_ANONYMOUS, -1, 0) = 0x7f86fd4f5000
arch_prctl(ARCH_SET_FS, 0x7f86fd4f5740) = 0
mprotect(0x7f86fd6e0000, 16384, PROT_READ) = 0
mprotect(0x558fc6c83000, 4096, PROT_READ) = 0
mprotect(0x7f86fd746000, 4096, PROT_READ) = 0
munmap(0x7f86fd6ea000, 183753)          = 0
getpid()                                = 111509
fstat(1, {st_mode=S_IFIFO|0600, st_size=0, ...}) = 0
brk(NULL)                               = 0x558fc6f5e000
brk(0x558fc6f7f000)                     = 0x558fc6f7f000
clone(child_stack=NULL, flags=CLONE_CHILD_CLEARTID|CLONE_CHILD_SETTID|SIGCHLD, child_tidptr=0x7f86fd4f5a10) = 111511
getpid()                                = 111509
write(1, "hello world (pid:111509)\nhello, "..., 67hello world (pid:111509)
hello, I am parent of 111511 (pid:111509)
) = 67
hello world (pid:111509)
hello, I am child (pid:111511)
exit_group(0)                           = ?
+++ exited with 0 +++
